umat_general.for:5:20:

    5 |       CHARACTER*256 OUTDIR
      |                    1
Warning: Obsolescent feature: Old-style character length at (1)
umat_general.for:1100:35:

 1100 |       END      SUBROUTINE ROTATION(F,R,U,NDI)
      |                                   1
Error: Expected label 'resetdfgrd' for END SUBROUTINE statement at (1)
umat_general.for:1102:20:

 1102 |       IMPLICIT NONE
      |                    1
Error: Duplicate IMPLICIT NONE statement at (1)
PARAM_UMAT.INC:1:17:

    1 |       INTEGER NWP,NELEM,NCH,NSDV
      |                 1
Error: Symbol 'nwp' at (1) already has basic type of INTEGER
PARAM_UMAT.INC:2:23:

    2 |       PARAMETER (NWP=21,NELEM=1,NCH=4,NSDV=0)
      |                       1
Error: PARAMETER attribute of 'nwp' conflicts with PARAMETER attribute at (1)
PARAM_UMAT.INC:3:27:

    3 |       DOUBLE PRECISION  ONE, TWO, THREE, FOUR, SIX, ZERO
      |                           1
Error: Symbol 'one' at (1) already has basic type of REAL
PARAM_UMAT.INC:4:26:

    4 |       PARAMETER (ZERO=0.D0, ONE=1.0D0,TWO=2.0D0)
      |                          1
Error: PARAMETER attribute of 'zero' conflicts with PARAMETER attribute at (1)
PARAM_UMAT.INC:5:28:

    5 |       PARAMETER (THREE=3.0D0,FOUR=4.0D0,SIX=6.0D0)
      |                            1
Error: PARAMETER attribute of 'three' conflicts with PARAMETER attribute at (1)
PARAM_UMAT.INC:6:25:

    6 |       CHARACTER(256) DIR1,DIR2,DIR3
      |                         1
Error: Symbol 'dir1' at (1) already has basic type of CHARACTER
PARAM_UMAT.INC:7:34:

    7 |       PARAMETER (DIR1='fibers.inp')
      |                                  1
Error: PARAMETER attribute of 'dir1' conflicts with PARAMETER attribute at (1)
umat_general.for:1105:17:

 1105 |       INTEGER NDI
      |                 1
Error: Symbol 'ndi' at (1) already has basic type of INTEGER
umat_general.for:1106:72:

 1106 |       DOUBLE PRECISION F(NDI,NDI),R(NDI,NDI),U(NDI,NDI),UINV(NDI,NDI)
      |                                                                        1
Error: Unexpected data declaration statement at (1)
umat_general.for:1112:30:

 1112 |       END SUBROUTINE ROTATION
      |                              1
Error: Expected label 'resetdfgrd' for END SUBROUTINE statement at (1)
umat_general.for:1115:20:

 1115 |       IMPLICIT NONE
      |                    1
Error: Duplicate IMPLICIT NONE statement at (1)
PARAM_UMAT.INC:1:17:

    1 |       INTEGER NWP,NELEM,NCH,NSDV
      |                 1
Error: Symbol 'nwp' at (1) already has basic type of INTEGER
PARAM_UMAT.INC:2:23:

    2 |       PARAMETER (NWP=21,NELEM=1,NCH=4,NSDV=0)
      |                       1
Error: PARAMETER attribute of 'nwp' conflicts with PARAMETER attribute at (1)
PARAM_UMAT.INC:3:27:

    3 |       DOUBLE PRECISION  ONE, TWO, THREE, FOUR, SIX, ZERO
      |                           1
Error: Symbol 'one' at (1) already has basic type of REAL
PARAM_UMAT.INC:4:26:

    4 |       PARAMETER (ZERO=0.D0, ONE=1.0D0,TWO=2.0D0)
      |                          1
Error: PARAMETER attribute of 'zero' conflicts with PARAMETER attribute at (1)
PARAM_UMAT.INC:5:28:

    5 |       PARAMETER (THREE=3.0D0,FOUR=4.0D0,SIX=6.0D0)
      |                            1
Error: PARAMETER attribute of 'three' conflicts with PARAMETER attribute at (1)
PARAM_UMAT.INC:6:25:

    6 |       CHARACTER(256) DIR1,DIR2,DIR3
      |                         1
Error: Symbol 'dir1' at (1) already has basic type of CHARACTER
PARAM_UMAT.INC:7:34:

    7 |       PARAMETER (DIR1='fibers.inp')
      |                                  1
Error: PARAMETER attribute of 'dir1' conflicts with PARAMETER attribute at (1)
umat_general.for:1118:72:

 1118 |       INTEGER VV
      |                                                                        1
Error: Unexpected data declaration statement at (1)
umat_general.for:1119:72:

 1119 |       DOUBLE PRECISION STATEV(NSDV)
      |                                                                        1
Error: Unexpected data declaration statement at (1)
umat_general.for:1132:29:

 1132 |       END SUBROUTINE SDVREAD
      |                             1
Error: Expected label 'resetdfgrd' for END SUBROUTINE statement at (1)
umat_general.for:1135:20:

 1135 |       IMPLICIT NONE
      |                    1
Error: Duplicate IMPLICIT NONE statement at (1)
PARAM_UMAT.INC:1:17:

    1 |       INTEGER NWP,NELEM,NCH,NSDV
      |                 1
Error: Symbol 'nwp' at (1) already has basic type of INTEGER
PARAM_UMAT.INC:2:23:

    2 |       PARAMETER (NWP=21,NELEM=1,NCH=4,NSDV=0)
      |                       1
Error: PARAMETER attribute of 'nwp' conflicts with PARAMETER attribute at (1)
PARAM_UMAT.INC:3:27:

    3 |       DOUBLE PRECISION  ONE, TWO, THREE, FOUR, SIX, ZERO
      |                           1
Error: Symbol 'one' at (1) already has basic type of REAL
PARAM_UMAT.INC:4:26:

    4 |       PARAMETER (ZERO=0.D0, ONE=1.0D0,TWO=2.0D0)
      |                          1
Error: PARAMETER attribute of 'zero' conflicts with PARAMETER attribute at (1)
PARAM_UMAT.INC:5:28:

    5 |       PARAMETER (THREE=3.0D0,FOUR=4.0D0,SIX=6.0D0)
      |                            1
Error: PARAMETER attribute of 'three' conflicts with PARAMETER attribute at (1)
PARAM_UMAT.INC:6:25:

    6 |       CHARACTER(256) DIR1,DIR2,DIR3
      |                         1
Error: Symbol 'dir1' at (1) already has basic type of CHARACTER
PARAM_UMAT.INC:7:34:

    7 |       PARAMETER (DIR1='fibers.inp')
      |                                  1
Error: PARAMETER attribute of 'dir1' conflicts with PARAMETER attribute at (1)
umat_general.for:1138:72:

 1138 |       INTEGER VV,POS1,POS2,POS3,I1
      |                                                                        1
Error: Unexpected data declaration statement at (1)
umat_general.for:1139:72:

 1139 |       DOUBLE PRECISION STATEV(NSDV),DET
      |                                                                        1
Error: Unexpected data declaration statement at (1)
umat_general.for:1159:30:

 1159 |       END SUBROUTINE SDVWRITE
      |                              1
Error: Expected label 'resetdfgrd' for END SUBROUTINE statement at (1)
umat_general.for:1162:20:

 1162 |       IMPLICIT NONE
      |                    1
Error: Duplicate IMPLICIT NONE statement at (1)
PARAM_UMAT.INC:1:17:

    1 |       INTEGER NWP,NELEM,NCH,NSDV
      |                 1
Error: Symbol 'nwp' at (1) already has basic type of INTEGER
PARAM_UMAT.INC:2:23:

    2 |       PARAMETER (NWP=21,NELEM=1,NCH=4,NSDV=0)
      |                       1
Error: PARAMETER attribute of 'nwp' conflicts with PARAMETER attribute at (1)
PARAM_UMAT.INC:3:27:

    3 |       DOUBLE PRECISION  ONE, TWO, THREE, FOUR, SIX, ZERO
      |                           1
Error: Symbol 'one' at (1) already has basic type of REAL
PARAM_UMAT.INC:4:26:

    4 |       PARAMETER (ZERO=0.D0, ONE=1.0D0,TWO=2.0D0)
      |                          1
Error: PARAMETER attribute of 'zero' conflicts with PARAMETER attribute at (1)
PARAM_UMAT.INC:5:28:

    5 |       PARAMETER (THREE=3.0D0,FOUR=4.0D0,SIX=6.0D0)
      |                            1
Error: PARAMETER attribute of 'three' conflicts with PARAMETER attribute at (1)
PARAM_UMAT.INC:6:25:

    6 |       CHARACTER(256) DIR1,DIR2,DIR3
      |                         1
Error: Symbol 'dir1' at (1) already has basic type of CHARACTER
PARAM_UMAT.INC:7:34:

    7 |       PARAMETER (DIR1='fibers.inp')
      |                                  1
Error: PARAMETER attribute of 'dir1' conflicts with PARAMETER attribute at (1)
umat_general.for:1165:17:

 1165 |       INTEGER NDI,I1,J1,K1,L1
      |                 1
Error: Symbol 'ndi' at (1) already has basic type of INTEGER
umat_general.for:1170:72:

 1170 |      4                 CISOAUX1(NDI,NDI,NDI,NDI)
      |                                                                        1
Error: Unexpected data declaration statement at (1)
umat_general.for:1171:72:

 1171 |       DOUBLE PRECISION TRFIC,XX,YY,ZZ
      |                                                                        1
Error: Unexpected data declaration statement at (1)
umat_general.for:1199:28:

 1199 |       END SUBROUTINE SETISO
      |                            1
Error: Expected label 'resetdfgrd' for END SUBROUTINE statement at (1)
umat_general.for:1202:20:

 1202 |       IMPLICIT NONE
      |                    1
Error: Duplicate IMPLICIT NONE statement at (1)
PARAM_UMAT.INC:1:17:

    1 |       INTEGER NWP,NELEM,NCH,NSDV
      |                 1
Error: Symbol 'nwp' at (1) already has basic type of INTEGER
PARAM_UMAT.INC:2:23:

    2 |       PARAMETER (NWP=21,NELEM=1,NCH=4,NSDV=0)
      |                       1
Error: PARAMETER attribute of 'nwp' conflicts with PARAMETER attribute at (1)
PARAM_UMAT.INC:3:27:

    3 |       DOUBLE PRECISION  ONE, TWO, THREE, FOUR, SIX, ZERO
      |                           1
Error: Symbol 'one' at (1) already has basic type of REAL
PARAM_UMAT.INC:4:26:

    4 |       PARAMETER (ZERO=0.D0, ONE=1.0D0,TWO=2.0D0)
      |                          1
Error: PARAMETER attribute of 'zero' conflicts with PARAMETER attribute at (1)
PARAM_UMAT.INC:5:28:

    5 |       PARAMETER (THREE=3.0D0,FOUR=4.0D0,SIX=6.0D0)
      |                            1
Error: PARAMETER attribute of 'three' conflicts with PARAMETER attribute at (1)
PARAM_UMAT.INC:6:25:

    6 |       CHARACTER(256) DIR1,DIR2,DIR3
      |                         1
Error: Symbol 'dir1' at (1) already has basic type of CHARACTER
PARAM_UMAT.INC:7:34:

    7 |       PARAMETER (DIR1='fibers.inp')
      |                                  1
Error: PARAMETER attribute of 'dir1' conflicts with PARAMETER attribute at (1)
umat_general.for:1205:17:

 1205 |       INTEGER NDI,I1,J1,K1,L1
      |                 1
Error: Symbol 'ndi' at (1) already has basic type of INTEGER
umat_general.for:1207:72:

 1207 |      1                 CJR(NDI,NDI,NDI,NDI),SIGMA(NDI,NDI)
      |                                                                        1
Error: Unexpected data declaration statement at (1)
umat_general.for:1223:27:

 1223 |       END SUBROUTINE SETJR
      |                           1
Error: Expected label 'resetdfgrd' for END SUBROUTINE statement at (1)
umat_general.for:1226:20:

 1226 |       IMPLICIT NONE
      |                    1
Error: Duplicate IMPLICIT NONE statement at (1)
PARAM_UMAT.INC:1:17:

    1 |       INTEGER NWP,NELEM,NCH,NSDV
      |                 1
Error: Symbol 'nwp' at (1) already has basic type of INTEGER
PARAM_UMAT.INC:2:23:

    2 |       PARAMETER (NWP=21,NELEM=1,NCH=4,NSDV=0)
      |                       1
Error: PARAMETER attribute of 'nwp' conflicts with PARAMETER attribute at (1)
PARAM_UMAT.INC:3:27:

    3 |       DOUBLE PRECISION  ONE, TWO, THREE, FOUR, SIX, ZERO
      |                           1
Error: Symbol 'one' at (1) already has basic type of REAL
PARAM_UMAT.INC:4:26:

    4 |       PARAMETER (ZERO=0.D0, ONE=1.0D0,TWO=2.0D0)
      |                          1
Error: PARAMETER attribute of 'zero' conflicts with PARAMETER attribute at (1)
PARAM_UMAT.INC:5:28:

    5 |       PARAMETER (THREE=3.0D0,FOUR=4.0D0,SIX=6.0D0)
      |                            1
Error: PARAMETER attribute of 'three' conflicts with PARAMETER attribute at (1)
PARAM_UMAT.INC:6:25:

    6 |       CHARACTER(256) DIR1,DIR2,DIR3
      |                         1
Error: Symbol 'dir1' at (1) already has basic type of CHARACTER
PARAM_UMAT.INC:7:34:

    7 |       PARAMETER (DIR1='fibers.inp')
      |                                  1
Error: PARAMETER attribute of 'dir1' conflicts with PARAMETER attribute at (1)
umat_general.for:1229:17:

 1229 |       INTEGER NDI,I1,J1,K1,L1
      |                 1
Error: Symbol 'ndi' at (1) already has basic type of INTEGER
umat_general.for:1231:72:

 1231 |      1                 CVOL(NDI,NDI,NDI,NDI)
      |                                                                        1
Error: Unexpected data declaration statement at (1)
umat_general.for:1232:72:

 1232 |       DOUBLE PRECISION PV,PPV
      |                                                                        1
Error: Unexpected data declaration statement at (1)
umat_general.for:1247:28:

 1247 |       END SUBROUTINE SETVOL
      |                            1
Error: Expected label 'resetdfgrd' for END SUBROUTINE statement at (1)
umat_general.for:1250:20:

 1250 |       IMPLICIT NONE
      |                    1
Error: Duplicate IMPLICIT NONE statement at (1)
PARAM_UMAT.INC:1:17:

    1 |       INTEGER NWP,NELEM,NCH,NSDV
      |                 1
Error: Symbol 'nwp' at (1) already has basic type of INTEGER
PARAM_UMAT.INC:2:23:

    2 |       PARAMETER (NWP=21,NELEM=1,NCH=4,NSDV=0)
      |                       1
Error: PARAMETER attribute of 'nwp' conflicts with PARAMETER attribute at (1)
PARAM_UMAT.INC:3:27:

    3 |       DOUBLE PRECISION  ONE, TWO, THREE, FOUR, SIX, ZERO
      |                           1
Error: Symbol 'one' at (1) already has basic type of REAL
PARAM_UMAT.INC:4:26:

    4 |       PARAMETER (ZERO=0.D0, ONE=1.0D0,TWO=2.0D0)
      |                          1
Error: PARAMETER attribute of 'zero' conflicts with PARAMETER attribute at (1)
PARAM_UMAT.INC:5:28:

    5 |       PARAMETER (THREE=3.0D0,FOUR=4.0D0,SIX=6.0D0)
      |                            1
Error: PARAMETER attribute of 'three' conflicts with PARAMETER attribute at (1)
PARAM_UMAT.INC:6:25:

    6 |       CHARACTER(256) DIR1,DIR2,DIR3
      |                         1
Error: Symbol 'dir1' at (1) already has basic type of CHARACTER
PARAM_UMAT.INC:7:34:

    7 |       PARAMETER (DIR1='fibers.inp')
      |                                  1
Error: PARAMETER attribute of 'dir1' conflicts with PARAMETER attribute at (1)
umat_general.for:1253:17:

 1253 |       INTEGER NDI,I1,J1
      |                 1
Error: Symbol 'ndi' at (1) already has basic type of INTEGER
umat_general.for:1254:72:

 1254 |       DOUBLE PRECISION SFIC(NDI,NDI),M(NDI)
      |                                                                        1
Error: Unexpected data declaration statement at (1)
umat_general.for:1255:72:

 1255 |       DOUBLE PRECISION RHO,AUX,DW,RW,LAMBDA
      |                                                                        1
Error: Unexpected data declaration statement at (1)
umat_general.for:1265:31:

 1265 |       END SUBROUTINE SIGFILFIC
      |                               1
Error: Expected label 'resetdfgrd' for END SUBROUTINE statement at (1)
umat_general.for:1268:20:

 1268 |       IMPLICIT NONE
      |                    1
Error: Duplicate IMPLICIT NONE statement at (1)
PARAM_UMAT.INC:1:17:

    1 |       INTEGER NWP,NELEM,NCH,NSDV
      |                 1
Error: Symbol 'nwp' at (1) already has basic type of INTEGER
PARAM_UMAT.INC:2:23:

    2 |       PARAMETER (NWP=21,NELEM=1,NCH=4,NSDV=0)
      |                       1
Error: PARAMETER attribute of 'nwp' conflicts with PARAMETER attribute at (1)
PARAM_UMAT.INC:3:27:

    3 |       DOUBLE PRECISION  ONE, TWO, THREE, FOUR, SIX, ZERO
      |                           1
Error: Symbol 'one' at (1) already has basic type of REAL
PARAM_UMAT.INC:4:26:

    4 |       PARAMETER (ZERO=0.D0, ONE=1.0D0,TWO=2.0D0)
      |                          1
Error: PARAMETER attribute of 'zero' conflicts with PARAMETER attribute at (1)
PARAM_UMAT.INC:5:28:

    5 |       PARAMETER (THREE=3.0D0,FOUR=4.0D0,SIX=6.0D0)
      |                            1
Error: PARAMETER attribute of 'three' conflicts with PARAMETER attribute at (1)
PARAM_UMAT.INC:6:25:

    6 |       CHARACTER(256) DIR1,DIR2,DIR3
      |                         1
Error: Symbol 'dir1' at (1) already has basic type of CHARACTER
PARAM_UMAT.INC:7:34:

    7 |       PARAMETER (DIR1='fibers.inp')
      |                                  1
Error: PARAMETER attribute of 'dir1' conflicts with PARAMETER attribute at (1)
umat_general.for:1271:17:

 1271 |       INTEGER NDI
      |                 1
Error: Symbol 'ndi' at (1) already has basic type of INTEGER
umat_general.for:1273:72:

 1273 |      1                 PE(NDI,NDI,NDI,NDI),SFIC(NDI,NDI)
      |                                                                        1
Error: Unexpected data declaration statement at (1)
umat_general.for:1278:28:

 1278 |       END SUBROUTINE SIGISO
      |                            1
Error: Expected label 'resetdfgrd' for END SUBROUTINE statement at (1)
umat_general.for:1281:20:

 1281 |       IMPLICIT NONE
      |                    1
Error: Duplicate IMPLICIT NONE statement at (1)
PARAM_UMAT.INC:1:17:

    1 |       INTEGER NWP,NELEM,NCH,NSDV
      |                 1
Error: Symbol 'nwp' at (1) already has basic type of INTEGER
PARAM_UMAT.INC:2:23:

    2 |       PARAMETER (NWP=21,NELEM=1,NCH=4,NSDV=0)
      |                       1
Error: PARAMETER attribute of 'nwp' conflicts with PARAMETER attribute at (1)
PARAM_UMAT.INC:3:27:

    3 |       DOUBLE PRECISION  ONE, TWO, THREE, FOUR, SIX, ZERO
      |                           1
Error: Symbol 'one' at (1) already has basic type of REAL
PARAM_UMAT.INC:4:26:

    4 |       PARAMETER (ZERO=0.D0, ONE=1.0D0,TWO=2.0D0)
      |                          1
Error: PARAMETER attribute of 'zero' conflicts with PARAMETER attribute at (1)
PARAM_UMAT.INC:5:28:

    5 |       PARAMETER (THREE=3.0D0,FOUR=4.0D0,SIX=6.0D0)
      |                            1
Error: PARAMETER attribute of 'three' conflicts with PARAMETER attribute at (1)
PARAM_UMAT.INC:6:25:

    6 |       CHARACTER(256) DIR1,DIR2,DIR3
      |                         1
Error: Symbol 'dir1' at (1) already has basic type of CHARACTER
PARAM_UMAT.INC:7:34:

    7 |       PARAMETER (DIR1='fibers.inp')
      |                                  1
Error: PARAMETER attribute of 'dir1' conflicts with PARAMETER attribute at (1)
umat_general.for:1284:17:

 1284 |       INTEGER NDI
      |                 1
Error: Symbol 'ndi' at (1) already has basic type of INTEGER
umat_general.for:1286:72:

 1286 |      1                 PKFIC(NDI,NDI)
      |                                                                        1
Error: Unexpected data declaration statement at (1)
umat_general.for:1287:72:

 1287 |       DOUBLE PRECISION DET
      |                                                                        1
Error: Unexpected data declaration statement at (1)
umat_general.for:1292:34:

 1292 |       END SUBROUTINE SIGISOMATFIC
      |                                  1
Error: Expected label 'resetdfgrd' for END SUBROUTINE statement at (1)
umat_general.for:1295:20:

 1295 |       IMPLICIT NONE
      |                    1
Error: Duplicate IMPLICIT NONE statement at (1)
PARAM_UMAT.INC:1:17:

    1 |       INTEGER NWP,NELEM,NCH,NSDV
      |                 1
Error: Symbol 'nwp' at (1) already has basic type of INTEGER
PARAM_UMAT.INC:2:23:

    2 |       PARAMETER (NWP=21,NELEM=1,NCH=4,NSDV=0)
      |                       1
Error: PARAMETER attribute of 'nwp' conflicts with PARAMETER attribute at (1)
PARAM_UMAT.INC:3:27:

    3 |       DOUBLE PRECISION  ONE, TWO, THREE, FOUR, SIX, ZERO
      |                           1
Error: Symbol 'one' at (1) already has basic type of REAL
PARAM_UMAT.INC:4:26:

    4 |       PARAMETER (ZERO=0.D0, ONE=1.0D0,TWO=2.0D0)
      |                          1
Error: PARAMETER attribute of 'zero' conflicts with PARAMETER attribute at (1)
PARAM_UMAT.INC:5:28:

    5 |       PARAMETER (THREE=3.0D0,FOUR=4.0D0,SIX=6.0D0)
      |                            1
Error: PARAMETER attribute of 'three' conflicts with PARAMETER attribute at (1)
PARAM_UMAT.INC:6:25:

    6 |       CHARACTER(256) DIR1,DIR2,DIR3
      |                         1
Error: Symbol 'dir1' at (1) already has basic type of CHARACTER
PARAM_UMAT.INC:7:34:

    7 |       PARAMETER (DIR1='fibers.inp')
      |                                  1
Error: PARAMETER attribute of 'dir1' conflicts with PARAMETER attribute at (1)
umat_general.for:1298:17:

 1298 |       INTEGER NDI,I1,J1
      |                 1
Error: Symbol 'ndi' at (1) already has basic type of INTEGER
umat_general.for:1299:72:

 1299 |       DOUBLE PRECISION UNIT2(NDI,NDI),SVOL(NDI,NDI)
      |                                                                        1
Error: Unexpected data declaration statement at (1)
umat_general.for:1300:72:

 1300 |       DOUBLE PRECISION PV
      |                                                                        1
Error: Unexpected data declaration statement at (1)
umat_general.for:1309:28:

 1309 |       END SUBROUTINE SIGVOL
      |                            1
Error: Expected label 'resetdfgrd' for END SUBROUTINE statement at (1)
umat_general.for:1319:20:

 1319 |       IMPLICIT NONE
      |                    1
Error: Duplicate IMPLICIT NONE statement at (1)
umat_general.for:1321:72:

 1321 |       INTEGER NP,NROT
      |                                                                        1
Error: Unexpected data declaration statement at (1)
umat_general.for:1322:18:

 1322 |       PARAMETER(NP=3)
      |                  1
Error: Symbol 'np' at (1) has no IMPLICIT type; did you mean 'nwp'?
umat_general.for:1324:72:

 1324 |       DOUBLE PRECISION D(3),V(3,3),A(3,3),E(3,3)
      |                                                                        1
Error: Unexpected data declaration statement at (1)
umat_general.for:1332:30:

 1332 |       END SUBROUTINE SPECTRAL
      |                              1
Error: Expected label 'resetdfgrd' for END SUBROUTINE statement at (1)
umat_general.for:1351:20:

 1351 |       IMPLICIT NONE
      |                    1
Error: Duplicate IMPLICIT NONE statement at (1)
PARAM_UMAT.INC:1:17:

    1 |       INTEGER NWP,NELEM,NCH,NSDV
      |                 1
Error: Symbol 'nwp' at (1) already has basic type of INTEGER
PARAM_UMAT.INC:2:23:

    2 |       PARAMETER (NWP=21,NELEM=1,NCH=4,NSDV=0)
      |                       1
Error: PARAMETER attribute of 'nwp' conflicts with PARAMETER attribute at (1)
PARAM_UMAT.INC:3:27:

    3 |       DOUBLE PRECISION  ONE, TWO, THREE, FOUR, SIX, ZERO
      |                           1
Error: Symbol 'one' at (1) already has basic type of REAL
PARAM_UMAT.INC:4:26:

    4 |       PARAMETER (ZERO=0.D0, ONE=1.0D0,TWO=2.0D0)
      |                          1
Error: PARAMETER attribute of 'zero' conflicts with PARAMETER attribute at (1)
PARAM_UMAT.INC:5:28:

    5 |       PARAMETER (THREE=3.0D0,FOUR=4.0D0,SIX=6.0D0)
      |                            1
Error: PARAMETER attribute of 'three' conflicts with PARAMETER attribute at (1)
PARAM_UMAT.INC:6:25:

    6 |       CHARACTER(256) DIR1,DIR2,DIR3
      |                         1
Error: Symbol 'dir1' at (1) already has basic type of CHARACTER
PARAM_UMAT.INC:7:34:

    7 |       PARAMETER (DIR1='fibers.inp')
      |                                  1
Error: PARAMETER attribute of 'dir1' conflicts with PARAMETER attribute at (1)
umat_general.for:1354:72:

 1354 |       INTEGER IP,IQ,N,NMAX,NP,NROT,I,J
      |                                                                        1
Error: Unexpected data declaration statement at (1)
umat_general.for:1355:21:

 1355 |       PARAMETER (NMAX=100)
      |                     1
Error: Symbol 'nmax' at (1) has no IMPLICIT type
umat_general.for:1358:72:

 1358 |      +  SM,TRESH,G,T,H,THETA,S,C,TAU
      |                                                                        1
Error: Unexpected data declaration statement at (1)
umat_general.for:1391:31:

 1391 |               SM = SM + DABS(A(IP,IQ))
      |                               1
Error: Syntax error in argument list at (1)
umat_general.for:1413:32:

 1413 |               G = 100.D0*DABS(A(IP,IQ))
      |                                1
Error: Syntax error in argument list at (1)
umat_general.for:1421:30:

 1421 |               ELSE IF (DABS(A(IP,IQ)).GT.TRESH) THEN
      |                              1
Error: Syntax error in argument list at (1)
umat_general.for:1496:28:

 1496 |       END SUBROUTINE JACOBI
      |                            1
Error: Expected label 'resetdfgrd' for END SUBROUTINE statement at (1)
umat_general.for:1507:20:

 1507 |       IMPLICIT NONE
      |                    1
Error: Duplicate IMPLICIT NONE statement at (1)
umat_general.for:1509:72:

 1509 |       INTEGER N,NP,I,J,K
      |                                                                        1
Error: Unexpected data declaration statement at (1)
umat_general.for:1511:72:

 1511 |       DOUBLE PRECISION D(NP),V(NP,NP),P
      |                                                                        1
Error: Unexpected data declaration statement at (1)
umat_general.for:1534:28:

 1534 |       END SUBROUTINE EIGSRT
      |                            1
Error: Expected label 'resetdfgrd' for END SUBROUTINE statement at (1)
umat_general.for:1537:20:

 1537 |       IMPLICIT NONE
      |                    1
Error: Duplicate IMPLICIT NONE statement at (1)
PARAM_UMAT.INC:1:17:

    1 |       INTEGER NWP,NELEM,NCH,NSDV
      |                 1
Error: Symbol 'nwp' at (1) already has basic type of INTEGER
PARAM_UMAT.INC:2:23:

    2 |       PARAMETER (NWP=21,NELEM=1,NCH=4,NSDV=0)
      |                       1
Error: PARAMETER attribute of 'nwp' conflicts with PARAMETER attribute at (1)
PARAM_UMAT.INC:3:27:

    3 |       DOUBLE PRECISION  ONE, TWO, THREE, FOUR, SIX, ZERO
      |                           1
Error: Symbol 'one' at (1) already has basic type of REAL
PARAM_UMAT.INC:4:26:

    4 |       PARAMETER (ZERO=0.D0, ONE=1.0D0,TWO=2.0D0)
      |                          1
Error: PARAMETER attribute of 'zero' conflicts with PARAMETER attribute at (1)
PARAM_UMAT.INC:5:28:

    5 |       PARAMETER (THREE=3.0D0,FOUR=4.0D0,SIX=6.0D0)
      |                            1
Error: PARAMETER attribute of 'three' conflicts with PARAMETER attribute at (1)
PARAM_UMAT.INC:6:25:

    6 |       CHARACTER(256) DIR1,DIR2,DIR3
      |                         1
Error: Symbol 'dir1' at (1) already has basic type of CHARACTER
PARAM_UMAT.INC:7:34:

    7 |       PARAMETER (DIR1='fibers.inp')
      |                                  1
Error: PARAMETER attribute of 'dir1' conflicts with PARAMETER attribute at (1)
umat_general.for:1540:17:

 1540 |       INTEGER NDI
      |                 1
Error: Symbol 'ndi' at (1) already has basic type of INTEGER
umat_general.for:1541:72:

 1541 |       DOUBLE PRECISION C(NDI,NDI),B(NDI,NDI),U(NDI,NDI),V(NDI,NDI)
      |                                                                        1
Error: Unexpected data declaration statement at (1)
umat_general.for:1542:72:

 1542 |       DOUBLE PRECISION EIGVAL(NDI),OMEGA(NDI),EIGVEC(NDI,NDI)
      |                                                                        1
Error: Unexpected data declaration statement at (1)
umat_general.for:1567:8:

 1567 |       V = MATMUL(MATMUL(EIGVEC,V),TRANSPOSE(EIGVEC))
      |        1
Error: 'v' at (1) is not a variable
umat_general.for:1569:29:

 1569 |       END SUBROUTINE STRETCH
      |                             1
Error: Expected label 'resetdfgrd' for END SUBROUTINE statement at (1)
umat_general.for:1572:21:

 1572 |        Implicit None
      |                     1
Error: Duplicate IMPLICIT NONE statement at (1)
umat_general.for:1574:26:

 1574 |        INTEGER I,J,K,L,NDI
      |                          1
Error: Symbol 'ndi' at (1) already has basic type of INTEGER
umat_general.for:1576:72:

 1576 |        DOUBLE PRECISION A(NDI,NDI),B(NDI,NDI),C(NDI,NDI,NDI,NDI)
      |                                                                        1
Error: Unexpected data declaration statement at (1)
umat_general.for:1590:33:

 1590 |       end SUBROUTINE TENSORPROD2
      |                                 1
Error: Expected label 'resetdfgrd' for END SUBROUTINE statement at (1)
ABA_PARAM.INC:1:15:

    1 |       implicit double precision(a-h,o-z)
      |               1
Error: IMPLICIT statement at (1) following an IMPLICIT NONE (type) statement
ABA_PARAM.INC:2:23:

    2 |       parameter (nprecd=2)
      |                       1
Error: Symbol 'nprecd' at (1) has no IMPLICIT type
PARAM_UMAT.INC:1:17:

    1 |       INTEGER NWP,NELEM,NCH,NSDV
      |                 1
Error: Symbol 'nwp' at (1) already has basic type of INTEGER
PARAM_UMAT.INC:2:23:

    2 |       PARAMETER (NWP=21,NELEM=1,NCH=4,NSDV=0)
      |                       1
Error: PARAMETER attribute of 'nwp' conflicts with PARAMETER attribute at (1)
PARAM_UMAT.INC:3:27:

    3 |       DOUBLE PRECISION  ONE, TWO, THREE, FOUR, SIX, ZERO
      |                           1
Error: Symbol 'one' at (1) already has basic type of REAL
PARAM_UMAT.INC:4:26:

    4 |       PARAMETER (ZERO=0.D0, ONE=1.0D0,TWO=2.0D0)
      |                          1
Error: PARAMETER attribute of 'zero' conflicts with PARAMETER attribute at (1)
PARAM_UMAT.INC:5:28:

    5 |       PARAMETER (THREE=3.0D0,FOUR=4.0D0,SIX=6.0D0)
      |                            1
Error: PARAMETER attribute of 'three' conflicts with PARAMETER attribute at (1)
PARAM_UMAT.INC:6:25:

    6 |       CHARACTER(256) DIR1,DIR2,DIR3
      |                         1
Error: Symbol 'dir1' at (1) already has basic type of CHARACTER
PARAM_UMAT.INC:7:34:

    7 |       PARAMETER (DIR1='fibers.inp')
      |                                  1
Error: PARAMETER attribute of 'dir1' conflicts with PARAMETER attribute at (1)
umat_general.for:1599:72:

 1599 |       COMMON /KFIB/FIBORI
      |                                                                        1
Error: Unexpected COMMON statement at (1)
umat_general.for:1601:72:

 1601 |       REAL*8 DTIME
      |                                                                        1
Error: Unexpected data declaration statement at (1)
umat_general.for:1602:72:

 1602 |       DIMENSION TIME(2)
      |                                                                        1
Error: Unexpected attribute declaration statement at (1)
umat_general.for:1603:72:

 1603 |       CHARACTER(256) FILENAME
      |                                                                        1
Error: Unexpected data declaration statement at (1)
umat_general.for:1604:72:

 1604 |       CHARACTER(256) JOBDIR
      |                                                                        1
Error: Unexpected data declaration statement at (1)
umat_general.for:1605:72:

 1605 |       INTEGER  LENJOBDIR
      |                                                                        1
Error: Unexpected data declaration statement at (1)
umat_general.for:1607:72:

 1607 |       REAL*8 FIBORI(NELEM,4)
      |                                                                        1
Error: Unexpected data declaration statement at (1)
umat_general.for:1614:26:

 1614 |          FILENAME=JOBDIR(:LENJOBDIR)//'/'//DIR1
      |                          1
Error: Syntax error in argument list at (1)
umat_general.for:1618:23:

 1618 |             READ(15,*) (FIBORI(I,J),J=1,4)
      |                       1
Error: Expecting variable in READ statement at (1)
umat_general.for:1626:33:

 1626 |       END SUBROUTINE UEXTERNALDB
      |                                 1
Error: Expected label 'resetdfgrd' for END SUBROUTINE statement at (1)
umat_general.for:1661:20:

 1661 |       IMPLICIT NONE
      |                    1
Error: Duplicate IMPLICIT NONE statement at (1)
PARAM_UMAT.INC:1:17:

    1 |       INTEGER NWP,NELEM,NCH,NSDV
      |                 1
Error: Symbol 'nwp' at (1) already has basic type of INTEGER
PARAM_UMAT.INC:2:23:

    2 |       PARAMETER (NWP=21,NELEM=1,NCH=4,NSDV=0)
      |                       1
Error: PARAMETER attribute of 'nwp' conflicts with PARAMETER attribute at (1)
PARAM_UMAT.INC:3:27:

    3 |       DOUBLE PRECISION  ONE, TWO, THREE, FOUR, SIX, ZERO
      |                           1
Error: Symbol 'one' at (1) already has basic type of REAL
PARAM_UMAT.INC:4:26:

    4 |       PARAMETER (ZERO=0.D0, ONE=1.0D0,TWO=2.0D0)
      |                          1
Error: PARAMETER attribute of 'zero' conflicts with PARAMETER attribute at (1)
PARAM_UMAT.INC:5:28:

    5 |       PARAMETER (THREE=3.0D0,FOUR=4.0D0,SIX=6.0D0)
      |                            1
Error: PARAMETER attribute of 'three' conflicts with PARAMETER attribute at (1)
PARAM_UMAT.INC:6:25:

    6 |       CHARACTER(256) DIR1,DIR2,DIR3
      |                         1
Error: Symbol 'dir1' at (1) already has basic type of CHARACTER
PARAM_UMAT.INC:7:34:

    7 |       PARAMETER (DIR1='fibers.inp')
      |                                  1
Error: PARAMETER attribute of 'dir1' conflicts with PARAMETER attribute at (1)
umat_general.for:1666:72:

 1666 |       COMMON /KFIB/FIBORI
      |                                                                        1
Error: Unexpected COMMON statement at (1)
umat_general.for:1668:72:

 1668 |       CHARACTER*8 CMNAME
      |                                                                        1
Error: Unexpected data declaration statement at (1)
umat_general.for:1670:17:

 1670 |       INTEGER NDI, NSHR, NTENS, NSTATEV, NPROPS, NOEL, NPT,
      |                 1
Error: Symbol 'ndi' at (1) already has basic type of INTEGER
umat_general.for:1677:72:

 1677 |      4 FIBORI(NELEM,4)
      |                                                                        1
Error: Unexpected data declaration statement at (1)
umat_general.for:1680:72:

 1680 |      1                 DTEMP,PNEWDT,CELENT
      |                                                                        1
Error: Unexpected data declaration statement at (1)
umat_general.for:1682:72:

 1682 |       INTEGER NTERM
      |                                                                        1
Error: Unexpected data declaration statement at (1)
umat_general.for:1689:72:

 1689 |      2                 PROJE(NDI,NDI,NDI,NDI),PROJL(NDI,NDI,NDI,NDI)
      |                                                                        1
Error: Unexpected data declaration statement at (1)
umat_general.for:1694:72:

 1694 |      3                 DFGRD1INV(NDI,NDI)
      |                                                                        1
Error: Unexpected data declaration statement at (1)
umat_general.for:1695:72:

 1695 |       DOUBLE PRECISION DET,CBARI1,CBARI2
      |                                                                        1
Error: Unexpected data declaration statement at (1)
umat_general.for:1698:72:

 1698 |      1                 CVOL(NDI,NDI,NDI,NDI),CMVOL(NDI,NDI,NDI,NDI)
      |                                                                        1
Error: Unexpected data declaration statement at (1)
umat_general.for:1699:72:

 1699 |       DOUBLE PRECISION KBULK,PV,PPV,SSEV
      |                                                                        1
Error: Unexpected data declaration statement at (1)
umat_general.for:1704:72:

 1704 |      3                 PKFIC(NDI,NDI),CMFIC(NDI,NDI,NDI,NDI)
      |                                                                        1
Error: Unexpected data declaration statement at (1)
umat_general.for:1709:72:

 1709 |      3                 CISOMATFIC(NDI,NDI,NDI,NDI)
      |                                                                        1
Error: Unexpected data declaration statement at (1)
umat_general.for:1718:72:

 1718 |      9                 CBARI4
      |                                                                        1
Error: Unexpected data declaration statement at (1)
umat_general.for:1720:72:

 1720 |      1        VORIF2(3),VD2(3),N0(3,3),NN(3,3)
      |                                                                        1
Error: Unexpected data declaration statement at (1)
umat_general.for:1724:72:

 1724 |       DOUBLE PRECISION VSCPROPS(6)
      |                                                                        1
Error: Unexpected data declaration statement at (1)
umat_general.for:1725:72:

 1725 |       INTEGER VV
      |                                                                        1
Error: Unexpected data declaration statement at (1)
umat_general.for:1727:72:

 1727 |       DOUBLE PRECISION CJR(NDI,NDI,NDI,NDI)
      |                                                                        1
Error: Unexpected data declaration statement at (1)
umat_general.for:1730:72:

 1730 |      1                                 DDPKDDE(NDI,NDI,NDI,NDI)
      |                                                                        1
Error: Unexpected data declaration statement at (1)
umat_general.for:1732:72:

 1732 |       DOUBLE PRECISION STEST(NDI,NDI), CTEST(NDI,NDI,NDI,NDI)
      |                                                                        1
Error: Unexpected data declaration statement at (1)
umat_general.for:1737:12:

 1737 |       UNIT2=ZERO
      |            1
Error: 'unit2' at (1) is not a variable
umat_general.for:1739:13:

 1739 |       UNIT4S=ZERO
      |             1
Error: 'unit4s' at (1) is not a variable
umat_general.for:1745:8:

 1745 |       B=ZERO
      |        1
Error: 'b' at (1) is not a variable
umat_general.for:1756:11:

 1756 |       SVOL=ZERO
      |           1
Error: 'svol' at (1) is not a variable
umat_general.for:1757:11:

 1757 |       CVOL=ZERO
      |           1
Error: 'cvol' at (1) is not a variable
umat_general.for:1763:11:

 1763 |       SISO=ZERO
      |           1
Error: 'siso' at (1) is not a variable
umat_general.for:1766:11:

 1766 |       CISO=ZERO
      |           1
Error: 'ciso' at (1) is not a variable
umat_general.for:1768:11:

 1768 |       SFIC=ZERO
      |           1
Error: 'sfic' at (1) is not a variable
umat_general.for:1783:10:

 1783 |       CJR=ZERO
      |          1
Error: 'cjr' at (1) is not a variable
umat_general.for:1785:12:

 1785 |       SIGMA=ZERO
      |            1
Error: 'sigma' at (1) is not a variable
umat_general.for:1806:25:

 1806 |       VSCPROPS = PROPS(8:13)
      |                         1
Error: Syntax error in argument list at (1)
umat_general.for:1881:11:

 1881 |       SFIC=SISOMATFIC+SANISOMATFIC
      |           1
Error: 'sfic' at (1) is not a variable
umat_general.for:1911:12:

 1911 |       SIGMA = SVOL  + SISO
      |            1
Error: 'sigma' at (1) is not a variable
umat_general.for:1948:20:

 1948 |       DDSIGDDE=CVOL+CISO+CJR
      |                    1
Error: Function 'cvol' requires an argument list at (1)
umat_general.for:1966:72:

 1966 |       DDSIGDDE=DDSIGDDE+CJR
      |                                                                        1
Error: Function 'cjr' requires an argument list at (1)
umat_general.for:1326:11:

 1326 |       E = A
      |           1
Error: Symbol 'a' at (1) has no IMPLICIT type
umat_general.for:1257:9:

 1257 |       AUX=RHO*LAMBDA**(-ONE)*RW*DW
      |         1
Error: Symbol 'aux' at (1) has no IMPLICIT type
umat_general.for:1835:58:

 1835 |       CALL PINVARIANTS(CBAR,CBARI4,NDI,M0,LAMBDA,BARLAMBDA,DET)
      |                                                          1
Error: Symbol 'barlambda' at (1) has no IMPLICIT type
umat_general.for:1747:10:

 1747 |       BBAR=ZERO
      |          1
Error: Symbol 'bbar' at (1) has no IMPLICIT type
umat_general.for:1433:17:

 1433 |                 C = 1.D0/DSQRT(1.D0 + T**2.D0)
      |                 1
Error: Symbol 'c' at (1) has no IMPLICIT type
umat_general.for:1772:9:

 1772 |       C01=ZERO
      |         1
Error: Symbol 'c01' at (1) has no IMPLICIT type
umat_general.for:1771:9:

 1771 |       C10=ZERO
      |         1
Error: Symbol 'c10' at (1) has no IMPLICIT type
umat_general.for:1872:29:

 1872 |       CALL PUSH4(CANISOMATFIC,CMANISOMATFIC,DISTGR,DET,NDI)
      |                             1
Error: Symbol 'canisomatfic' at (1) has no IMPLICIT type
umat_general.for:1746:10:

 1746 |       CBAR=ZERO
      |          1
Error: Symbol 'cbar' at (1) has no IMPLICIT type
umat_general.for:1752:12:

 1752 |       CBARI1=ZERO
      |            1
Error: Symbol 'cbari1' at (1) has no IMPLICIT type
umat_general.for:1753:12:

 1753 |       CBARI2=ZERO
      |            1
Error: Symbol 'cbari2' at (1) has no IMPLICIT type
umat_general.for:1835:34:

 1835 |       CALL PINVARIANTS(CBAR,CBARI4,NDI,M0,LAMBDA,BARLAMBDA,DET)
      |                                  1
Error: Symbol 'cbari4' at (1) has no IMPLICIT type
umat_general.for:1176:41:

 1176 |       CALL CONTRACTION44(CISOAUX1,PE,CFIC,NDI)
      |                                         1
Error: Symbol 'cfic' at (1) has no IMPLICIT type
umat_general.for:1174:13:

 1174 |       CISOAUX=ZERO
      |             1
Error: Symbol 'cisoaux' at (1) has no IMPLICIT type
umat_general.for:1173:14:

 1173 |       CISOAUX1=ZERO
      |              1
Error: Symbol 'cisoaux1' at (1) has no IMPLICIT type
umat_general.for:1779:16:

 1779 |       CISOMATFIC=ZERO
      |                1
Error: Symbol 'cisomatfic' at (1) has no IMPLICIT type
umat_general.for:1871:40:

 1871 |       CALL CMATANISOMATFIC(CMANISOMATFIC,M0,DANISO,UNIT2,DET,NDI)
      |                                        1
Error: Symbol 'cmanisomatfic' at (1) has no IMPLICIT type
umat_general.for:1883:11:

 1883 |       CMFIC=CMISOMATFIC+CMANISOMATFIC
      |           1
Error: Symbol 'cmfic' at (1) has no IMPLICIT type
umat_general.for:1923:23:

 1923 |       CALL METISO(CMISO,CMFIC,PROJL,PKISO,PKFIC,C,UNIT2,DET,NDI)
      |                       1
Error: Symbol 'cmiso' at (1) has no IMPLICIT type
umat_general.for:1778:17:

 1778 |       CMISOMATFIC=ZERO
      |                 1
Error: Symbol 'cmisomatfic' at (1) has no IMPLICIT type
umat_general.for:1919:23:

 1919 |       CALL METVOL(CMVOL,C,PV,PPV,DET,NDI)
      |                       1
Error: Symbol 'cmvol' at (1) has no IMPLICIT type
umat_general.for:1853:35:

 1853 |       CALL ANISOMAT(SSEANISO,DANISO,DISO,K1,K2,KDISP,CBARI4,CBARI1)
      |                                   1
Error: Symbol 'daniso' at (1) has no IMPLICIT type
umat_general.for:1927:13:

 1927 |       DDPKDDE=  CMVOL + CMISO
      |             1
Error: Symbol 'ddpkdde' at (1) has no IMPLICIT type
umat_general.for:1973:31:

 1973 |       CALL INDEXX(STRESS,DDSDDE,SIGMA,DDSIGDDE,NTENS,NDI)
      |                               1
Error: Symbol 'ddsdde' at (1) has no IMPLICIT type
umat_general.for:1786:14:

 1786 |       DDSIGDDE=ZERO
      |              1
Error: Symbol 'ddsigdde' at (1) has no IMPLICIT type
umat_general.for:1289:33:

 1289 |       CALL PUSH2(SFIC,PKFIC,F,DET,NDI)
      |                                 1
Error: Symbol 'det' at (1) has no IMPLICIT type
umat_general.for:1822:23:

 1822 |       CALL FSLIP(DFGRD1,DISTGR,DET,NDI)
      |                       1
Error: Symbol 'dfgrd1' at (1) has no IMPLICIT type; did you mean 'dfgrd'?
umat_general.for:1824:36:

 1824 |       CALL MATINV3D(DFGRD1,DFGRD1INV,NDI)
      |                                    1
Error: Symbol 'dfgrd1inv' at (1) has no IMPLICIT type; did you mean 'dfgrd'?
umat_general.for:1774:10:

 1774 |       DISO=ZERO
      |          1
Error: Symbol 'diso' at (1) has no IMPLICIT type; did you mean 'dir3'?
umat_general.for:1743:12:

 1743 |       DISTGR=ZERO
      |            1
Error: Symbol 'distgr' at (1) has no IMPLICIT type
umat_general.for:1826:36:

 1826 |       CALL MATINV3D(DISTGR,DISTGRINV,NDI)
      |                                    1
Error: Symbol 'distgrinv' at (1) has no IMPLICIT type
umat_general.for:1959:61:

 1959 |       CALL VISCO(PK2,DDPKDDE,VV,PKVOL,PKISO,CMVOL,CMISO,DTIME,
      |                                                             1
Error: Symbol 'dtime' at (1) has no IMPLICIT type
umat_general.for:1257:34:

 1257 |       AUX=RHO*LAMBDA**(-ONE)*RW*DW
      |                                  1
Error: Symbol 'dw' at (1) has no IMPLICIT type
umat_general.for:1326:7:

 1326 |       E = A
      |       1
Error: Symbol 'e' at (1) has no IMPLICIT type
umat_general.for:1544:34:

 1544 |       CALL SPECTRAL(C,OMEGA,EIGVEC)
      |                                  1
Error: Symbol 'eigvec' at (1) has no IMPLICIT type
umat_general.for:1110:18:

 1110 |       R = MATMUL(F,UINV)
      |                  1
Error: Symbol 'f' at (1) has no IMPLICIT type
umat_general.for:1831:24:

 1831 |       CALL FIBDIR(FIBORI,M0,MM,NELEM,NOEL,NDI,VORIF,VD,DISTGR,DFGRD1)
      |                        1
Error: Symbol 'fibori' at (1) has no IMPLICIT type
umat_general.for:1616:30:

 1616 |          OPEN(15,FILE=FILENAME)
      |                              1
Error: Symbol 'filename' at (1) has no IMPLICIT type
umat_general.for:1418:45:

 1418 |               IF ((I.GT.4).AND.(DABS(D(IP))+G.EQ.DABS(D(IP)))
      |                                             1
Error: Symbol 'g' at (1) has no IMPLICIT type
umat_general.for:1422:17:

 1422 |                 H = D(IQ) - D(IP)
      |                 1
Error: Symbol 'h' at (1) has no IMPLICIT type
umat_general.for:1362:10:

 1362 |       DO I=1,3
      |          1
Error: Symbol 'i' at (1) has no IMPLICIT type
umat_general.for:1180:11:

 1180 |       DO I1=1,NDI
      |           1
Error: Symbol 'i1' at (1) has no IMPLICIT type; did you mean 'dir1'?
umat_general.for:1374:11:

 1374 |       DO IP = 1,N
      |           1
Error: Symbol 'ip' at (1) has no IMPLICIT type
umat_general.for:1390:17:

 1390 |             DO IQ=IP+1,N
      |                 1
Error: Symbol 'iq' at (1) has no IMPLICIT type
umat_general.for:1364:12:

 1364 |         DO J=1,3
      |            1
Error: Symbol 'j' at (1) has no IMPLICIT type
umat_general.for:1185:13:

 1185 |         DO J1=1,NDI
      |             1
Error: Symbol 'j1' at (1) has no IMPLICIT type
umat_general.for:1612:28:

 1612 |        CALL GETOUTDIR(JOBDIR,LENJOBDIR)
      |                            1
Error: Symbol 'jobdir' at (1) has no IMPLICIT type
umat_general.for:1514:15:

 1514 |               K = I
      |               1
Error: Symbol 'k' at (1) has no IMPLICIT type
umat_general.for:1186:16:

 1186 |            DO K1=1,NDI
      |                1
Error: Symbol 'k1' at (1) has no IMPLICIT type
umat_general.for:1802:8:

 1802 |       K2      = PROPS(5)
      |        1
Error: Symbol 'k2' at (1) has no IMPLICIT type
umat_general.for:1758:11:

 1758 |       KBULK=ZERO
      |           1
Error: Symbol 'kbulk' at (1) has no IMPLICIT type
umat_general.for:1803:11:

 1803 |       KDISP   = PROPS(6)
      |           1
Error: Symbol 'kdisp' at (1) has no IMPLICIT type
umat_general.for:1812:38:

 1812 |       IF ((TIME(1).EQ.ZERO).AND.(KSTEP.EQ.1)) THEN
      |                                      1
Error: Symbol 'kstep' at (1) has no IMPLICIT type
umat_general.for:1581:14:

 1581 |           DO L=1,NDI
      |              1
Error: Symbol 'l' at (1) has no IMPLICIT type
umat_general.for:1187:19:

 1187 |               DO L1=1,NDI
      |                   1
Error: Symbol 'l1' at (1) has no IMPLICIT type
umat_general.for:1257:20:

 1257 |       AUX=RHO*LAMBDA**(-ONE)*RW*DW
      |                    1
Error: Symbol 'lambda' at (1) has no IMPLICIT type
umat_general.for:1612:38:

 1612 |        CALL GETOUTDIR(JOBDIR,LENJOBDIR)
      |                                      1
Error: Symbol 'lenjobdir' at (1) has no IMPLICIT type
umat_general.for:1610:12:

 1610 |       IF(LOP.EQ.0.OR.LOP.EQ.4) THEN
      |            1
Error: Symbol 'lop' at (1) has no IMPLICIT type
umat_general.for:1831:27:

 1831 |       CALL FIBDIR(FIBORI,M0,MM,NELEM,NOEL,NDI,VORIF,VD,DISTGR,DFGRD1)
      |                           1
Error: Symbol 'm0' at (1) has no IMPLICIT type
umat_general.for:1831:30:

 1831 |       CALL FIBDIR(FIBORI,M0,MM,NELEM,NOEL,NDI,VORIF,VD,DISTGR,DFGRD1)
      |                              1
Error: Symbol 'mm' at (1) has no IMPLICIT type
umat_general.for:1374:17:

 1374 |       DO IP = 1,N
      |                 1
Error: Symbol 'n' at (1) has no IMPLICIT type
umat_general.for:1831:41:

 1831 |       CALL FIBDIR(FIBORI,M0,MM,NELEM,NOEL,NDI,VORIF,VD,DISTGR,DFGRD1)
      |                                         1
Error: Symbol 'noel' at (1) has no IMPLICIT type; did you mean 'one'?
umat_general.for:1328:24:

 1328 |       CALL JACOBI(E,3,NP,D,V,NROT)
      |                        1
Error: Symbol 'np' at (1) has no IMPLICIT type; did you mean 'nwp'?
umat_general.for:1328:33:

 1328 |       CALL JACOBI(E,3,NP,D,V,NROT)
      |                                 1
Error: Symbol 'nrot' at (1) has no IMPLICIT type
umat_general.for:1973:52:

 1973 |       CALL INDEXX(STRESS,DDSDDE,SIGMA,DDSIGDDE,NTENS,NDI)
      |                                                    1
Error: Symbol 'ntens' at (1) has no IMPLICIT type
umat_general.for:1808:11:

 1808 |       NTERM    = 60
      |           1
Error: Symbol 'nterm' at (1) has no IMPLICIT type
umat_general.for:1515:15:

 1515 |               P = D(I)
      |               1
Error: Symbol 'p' at (1) has no IMPLICIT type
umat_general.for:1765:9:

 1765 |       PK2=ZERO
      |         1
Error: Symbol 'pk2' at (1) has no IMPLICIT type
umat_general.for:1289:27:

 1289 |       CALL PUSH2(SFIC,PKFIC,F,DET,NDI)
      |                           1
Error: Symbol 'pkfic' at (1) has no IMPLICIT type
umat_general.for:1764:11:

 1764 |       PKISO=ZERO
      |           1
Error: Symbol 'pkiso' at (1) has no IMPLICIT type
umat_general.for:1775:14:

 1775 |       PKMATFIC=ZERO
      |              1
Error: Symbol 'pkmatfic' at (1) has no IMPLICIT type
umat_general.for:1868:39:

 1868 |       CALL PK2ANISOMATFIC(PKMATFICANISO,DANISO,CBAR,CBARI4,M0,NDI)
      |                                       1
Error: Symbol 'pkmatficaniso' at (1) has no IMPLICIT type
umat_general.for:1755:11:

 1755 |       PKVOL=ZERO
      |           1
Error: Symbol 'pkvol' at (1) has no IMPLICIT type
umat_general.for:1239:26:

 1239 |      1                 PPV*UNIT2(I1,J1)*UNIT2(K1,L1)
      |                          1
Error: Symbol 'ppv' at (1) has no IMPLICIT type
umat_general.for:1740:11:

 1740 |       PROJE=ZERO
      |           1
Error: Symbol 'proje' at (1) has no IMPLICIT type
umat_general.for:1741:11:

 1741 |       PROJL=ZERO
      |           1
Error: Symbol 'projl' at (1) has no IMPLICIT type
umat_general.for:1240:30:

 1240 |      2                 -TWO*PV*UNIT4S(I1,J1,K1,L1)
      |                              1
Error: Symbol 'pv' at (1) has no IMPLICIT type
umat_general.for:1110:7:

 1110 |       R = MATMUL(F,UINV)
      |       1
Error: Symbol 'r' at (1) has no IMPLICIT type
umat_general.for:1257:13:

 1257 |       AUX=RHO*LAMBDA**(-ONE)*RW*DW
      |             1
Error: Symbol 'rho' at (1) has no IMPLICIT type
umat_general.for:1750:9:

 1750 |       ROT=ZERO
      |         1
Error: Symbol 'rot' at (1) has no IMPLICIT type
umat_general.for:1257:31:

 1257 |       AUX=RHO*LAMBDA**(-ONE)*RW*DW
      |                               1
Error: Symbol 'rw' at (1) has no IMPLICIT type
umat_general.for:1434:17:

 1434 |                 S = T*C
      |                 1
Error: Symbol 's' at (1) has no IMPLICIT type
umat_general.for:1869:29:

 1869 |       CALL PUSH2(SANISOMATFIC,PKMATFICANISO,DISTGR,DET,NDI)
      |                             1
Error: Symbol 'sanisomatfic' at (1) has no IMPLICIT type
umat_general.for:1777:16:

 1777 |       SISOMATFIC=ZERO
      |                1
Error: Symbol 'sisomatfic' at (1) has no IMPLICIT type
umat_general.for:1388:12:

 1388 |           SM = 0.D0
      |            1
Error: Symbol 'sm' at (1) has no IMPLICIT type
umat_general.for:1776:13:

 1776 |       SMATFIC=ZERO
      |             1
Error: Symbol 'smatfic' at (1) has no IMPLICIT type
umat_general.for:1877:9:

 1877 |       SSE=SSEV+SSEISO+SSEANISO
      |         1
Error: Symbol 'sse' at (1) has no IMPLICIT type
umat_general.for:1853:28:

 1853 |       CALL ANISOMAT(SSEANISO,DANISO,DISO,K1,K2,KDISP,CBARI4,CBARI1)
      |                            1
Error: Symbol 'sseaniso' at (1) has no IMPLICIT type
umat_general.for:1773:12:

 1773 |       SSEISO=ZERO
      |            1
Error: Symbol 'sseiso' at (1) has no IMPLICIT type
umat_general.for:1761:10:

 1761 |       SSEV=ZERO
      |          1
Error: Symbol 'ssev' at (1) has no IMPLICIT type; did you mean 'nsdv'?
umat_general.for:1813:28:

 1813 |       CALL INITIALIZE(STATEV,VV)
      |                            1
Error: Symbol 'statev' at (1) has no IMPLICIT type
umat_general.for:1973:24:

 1973 |       CALL INDEXX(STRESS,DDSDDE,SIGMA,DDSIGDDE,NTENS,NDI)
      |                        1
Error: Symbol 'stress' at (1) has no IMPLICIT type
umat_general.for:1430:19:

 1430 |                   T =1.D0/(DABS(THETA)+DSQRT(1.D0+THETA**2.D0))
      |                   1
Error: Symbol 't' at (1) has no IMPLICIT type
umat_general.for:1435:19:

 1435 |                 TAU = S/(1.D0 + C)
      |                   1
Error: Symbol 'tau' at (1) has no IMPLICIT type
umat_general.for:1430:37:

 1430 |                   T =1.D0/(DABS(THETA)+DSQRT(1.D0+THETA**2.D0))
      |                                     1
Error: Symbol 'theta' at (1) has no IMPLICIT type
umat_general.for:1406:17:

 1406 |             TRESH = 0.2D0*SM/N**2
      |                 1
Error: Symbol 'tresh' at (1) has no IMPLICIT type
umat_general.for:1179:11:

 1179 |       TRFIC=ZERO
      |           1
Error: Symbol 'trfic' at (1) has no IMPLICIT type
umat_general.for:1108:21:

 1108 |       CALL MATINV3D(U,UINV,NDI)
      |                     1
Error: Symbol 'u' at (1) has no IMPLICIT type
umat_general.for:1748:10:

 1748 |       UBAR=ZERO
      |          1
Error: Symbol 'ubar' at (1) has no IMPLICIT type
umat_general.for:1108:26:

 1108 |       CALL MATINV3D(U,UINV,NDI)
      |                          1
Error: Symbol 'uinv' at (1) has no IMPLICIT type
umat_general.for:1738:11:

 1738 |       UNIT4=ZERO
      |           1
Error: Symbol 'unit4' at (1) has no IMPLICIT type
umat_general.for:1749:10:

 1749 |       VBAR=ZERO
      |          1
Error: Symbol 'vbar' at (1) has no IMPLICIT type
umat_general.for:1831:54:

 1831 |       CALL FIBDIR(FIBORI,M0,MM,NELEM,NOEL,NDI,VORIF,VD,DISTGR,DFGRD1)
      |                                                      1
Error: Symbol 'vd' at (1) has no IMPLICIT type
umat_general.for:1831:51:

 1831 |       CALL FIBDIR(FIBORI,M0,MM,NELEM,NOEL,NDI,VORIF,VD,DISTGR,DFGRD1)
      |                                                   1
Error: Symbol 'vorif' at (1) has no IMPLICIT type
umat_general.for:1960:54:

 1960 |      1                                        VSCPROPS,STATEV,NDI)
      |                                                      1
Error: Symbol 'vscprops' at (1) has no IMPLICIT type
umat_general.for:1805:8:

 1805 |       VV       = INT(PROPS(7))
      |        1
Error: Symbol 'vv' at (1) has no IMPLICIT type
umat_general.for:1192:36:

 1192 |                 CISO(I1,J1,K1,L1)=XX+(TWO/THREE)*YY-(TWO/THREE)*ZZ
      |                                    1
Error: Symbol 'xx' at (1) has no IMPLICIT type
umat_general.for:1189:18:

 1189 |                 YY=TRFIC*PE(I1,J1,K1,L1)
      |                  1
Error: Symbol 'yy' at (1) has no IMPLICIT type
umat_general.for:1190:18:

 1190 |                 ZZ=SISO(I1,J1)*UNIT2(K1,L1)+UNIT2(I1,J1)*SISO(K1,L1)
      |                  1
Error: Symbol 'zz' at (1) has no IMPLICIT type
umat_general.for:1190:23:

 1190 |                 ZZ=SISO(I1,J1)*UNIT2(K1,L1)+UNIT2(I1,J1)*SISO(K1,L1)
      |                       1
Error: Symbol 'siso' at (1) has no IMPLICIT type; did you mean 'six'?
umat_general.for:1181:25:

 1181 |          TRFIC=TRFIC+SFIC(I1,I1)
      |                         1
Error: Symbol 'sfic' at (1) has no IMPLICIT type; did you mean 'six'?
umat_general.for:1328:26:

 1328 |       CALL JACOBI(E,3,NP,D,V,NROT)
      |                          1
Error: Symbol 'd' at (1) has no IMPLICIT type
umat_general.for:1546:6:

 1546 |       EIGVAL(1) = DSQRT(OMEGA(1))
      |      1
Error: Function 'eigval' at (1) has no IMPLICIT type
umat_general.for:1546:24:

 1546 |       EIGVAL(1) = DSQRT(OMEGA(1))
      |                        1
Error: Function 'omega' at (1) has no IMPLICIT type
umat_general.for:1547:6:

 1547 |       EIGVAL(2) = DSQRT(OMEGA(2))
      |      1
Error: Function 'eigval' at (1) has no IMPLICIT type
umat_general.for:1547:24:

 1547 |       EIGVAL(2) = DSQRT(OMEGA(2))
      |                        1
Error: Function 'omega' at (1) has no IMPLICIT type
umat_general.for:1548:6:

 1548 |       EIGVAL(3) = DSQRT(OMEGA(3))
      |      1
Error: Function 'eigval' at (1) has no IMPLICIT type
umat_general.for:1548:24:

 1548 |       EIGVAL(3) = DSQRT(OMEGA(3))
      |                        1
Error: Function 'omega' at (1) has no IMPLICIT type
umat_general.for:1483:10:

 1483 |          B(IP) = B(IP) + Z(IP)
      |          1
Error: Symbol 'b' at (1) has no IMPLICIT type
umat_general.for:1558:6:

 1558 |       EIGVAL(1) = DSQRT(OMEGA(1))
      |      1
Error: Function 'eigval' at (1) has no IMPLICIT type
umat_general.for:1558:24:

 1558 |       EIGVAL(1) = DSQRT(OMEGA(1))
      |                        1
Error: Function 'omega' at (1) has no IMPLICIT type
umat_general.for:1559:6:

 1559 |       EIGVAL(2) = DSQRT(OMEGA(2))
      |      1
Error: Function 'eigval' at (1) has no IMPLICIT type
umat_general.for:1559:24:

 1559 |       EIGVAL(2) = DSQRT(OMEGA(2))
      |                        1
Error: Function 'omega' at (1) has no IMPLICIT type
umat_general.for:1560:6:

 1560 |       EIGVAL(3) = DSQRT(OMEGA(3))
      |      1
Error: Function 'eigval' at (1) has no IMPLICIT type
umat_general.for:1560:24:

 1560 |       EIGVAL(3) = DSQRT(OMEGA(3))
      |                        1
Error: Function 'omega' at (1) has no IMPLICIT type
umat_general.for:1563:6:

 1563 |       V(1,1) = EIGVAL(1)
      |      1
Error: Function 'v' at (1) has no IMPLICIT type
umat_general.for:1563:15:

 1563 |       V(1,1) = EIGVAL(1)
      |               1
Error: Function 'eigval' at (1) has no IMPLICIT type
umat_general.for:1564:6:

 1564 |       V(2,2) = EIGVAL(2)
      |      1
Error: Function 'v' at (1) has no IMPLICIT type
umat_general.for:1564:15:

 1564 |       V(2,2) = EIGVAL(2)
      |               1
Error: Function 'eigval' at (1) has no IMPLICIT type
umat_general.for:1565:6:

 1565 |       V(3,3) = EIGVAL(3)
      |      1
Error: Function 'v' at (1) has no IMPLICIT type
umat_general.for:1565:15:

 1565 |       V(3,3) = EIGVAL(3)
      |               1
Error: Function 'eigval' at (1) has no IMPLICIT type
umat_general.for:1190:36:

 1190 |                 ZZ=SISO(I1,J1)*UNIT2(K1,L1)+UNIT2(I1,J1)*SISO(K1,L1)
      |                                    1
Error: Symbol 'unit2' at (1) has no IMPLICIT type
umat_general.for:1796:17:

 1796 |       KBULK    = PROPS(1)
      |                 1
Error: Function 'props' at (1) has no IMPLICIT type
umat_general.for:1798:17:

 1798 |       C10      = PROPS(2)
      |                 1
Error: Function 'props' at (1) has no IMPLICIT type
umat_general.for:1799:17:

 1799 |       C01      = PROPS(3)
      |                 1
Error: Function 'props' at (1) has no IMPLICIT type
umat_general.for:1801:16:

 1801 |       K1      = PROPS(4)
      |                1
Error: Function 'props' at (1) has no IMPLICIT type
umat_general.for:1802:16:

 1802 |       K2      = PROPS(5)
      |                1
Error: Function 'props' at (1) has no IMPLICIT type
umat_general.for:1803:16:

 1803 |       KDISP   = PROPS(6)
      |                1
Error: Function 'props' at (1) has no IMPLICIT type
umat_general.for:1805:21:

 1805 |       VV       = INT(PROPS(7))
      |                     1
Error: Function 'props' at (1) has no IMPLICIT type
umat_general.for:1304:14:

 1304 |           SVOL(I1,J1)=PV*UNIT2(I1,J1)
      |              1
Error: Symbol 'svol' at (1) has no IMPLICIT type
umat_general.for:1238:17:

 1238 |              CVOL(I1,J1,K1,L1)=
      |                 1
Error: Symbol 'cvol' at (1) has no IMPLICIT type
umat_general.for:1192:20:

 1192 |                 CISO(I1,J1,K1,L1)=XX+(TWO/THREE)*YY-(TWO/THREE)*ZZ
      |                    1
Error: Symbol 'ciso' at (1) has no IMPLICIT type
umat_general.for:1213:17:

 1213 |               CJR(I1,J1,K1,L1)=
      |                 1
Error: Symbol 'cjr' at (1) has no IMPLICIT type
umat_general.for:1214:48:

 1214 |      1             (ONE/TWO)*(UNIT2(I1,K1)*SIGMA(J1,L1)
      |                                                1
Error: Symbol 'sigma' at (1) has no IMPLICIT type
main.f90:12:12:

   12 | CHARACTER*8 CMNAME
      |            1
Warning: Obsolescent feature: Old-style character length at (1)
main.f90:17:12:

   17 | CHARACTER*8 filename
      |            1
Warning: Obsolescent feature: Old-style character length at (1)
